#
# There is insufficient memory for the Java Runtime Environment to continue.
# Native memory allocation (malloc) failed to allocate 1048576 bytes for AllocateHeap
# Possible reasons:
#   The system is out of physical RAM or swap space
#   The process is running with CompressedOops enabled, and the Java Heap may be blocking the growth of the native heap
# Possible solutions:
#   Reduce memory load on the system
#   Increase physical memory or swap space
#   Check if swap backing store is full
#   Decrease Java heap size (-Xmx/-Xms)
#   Decrease number of Java threads
#   Decrease Java thread stack sizes (-Xss)
#   Set larger code cache with -XX:ReservedCodeCacheSize=
#   JVM is running with Zero Based Compressed Oops mode in which the Java heap is
#     placed in the first 32GB address space. The Java Heap base address is the
#     maximum limit for the native heap growth. Please use -XX:HeapBaseMinAddress
#     to set the Java Heap base and to place the Java Heap above 32GB virtual address.
# This output file may be truncated or incomplete.
#
#  Out of Memory Error (memory/allocation.inline.hpp:61), pid=3260, tid=0x0000000000003eb8
#
# JRE version:  (8.0_281-b09) (build )
# Java VM: Java HotSpot(TM) 64-Bit Server VM (25.281-b09 mixed mode windows-amd64 compressed oops)
# Failed to write core dump. Minidumps are not enabled by default on client versions of Windows
#

---------------  T H R E A D  ---------------

Current thread (0x0000018255b9e000):  JavaThread "Unknown thread" [_thread_in_vm, id=16056, stack(0x0000001c39300000,0x0000001c39400000)]

Stack: [0x0000001c39300000,0x0000001c39400000]
Native frames: (J=compiled Java code, j=interpreted, Vv=VM code, C=native code)
V  [jvm.dll+0x32e5b9]
V  [jvm.dll+0x275012]
V  [jvm.dll+0x275cbd]
V  [jvm.dll+0x26c6f5]
V  [jvm.dll+0x509d]
V  [jvm.dll+0x3c8d4d]
V  [jvm.dll+0x3c9aca]
V  [jvm.dll+0x3c5a67]
V  [jvm.dll+0xfcaaf]
V  [jvm.dll+0x209a1b]
V  [jvm.dll+0x2383d7]
V  [jvm.dll+0x162566]
C  [java.exe+0x2312]
C  [java.exe+0x15f54]
C  [KERNEL32.DLL+0x17614]
C  [ntdll.dll+0x526a1]


---------------  P R O C E S S  ---------------

Java Threads: ( => current thread )

Other Threads:

=>0x0000018255b9e000 (exited) JavaThread "Unknown thread" [_thread_in_vm, id=16056, stack(0x0000001c39300000,0x0000001c39400000)]

VM state:not at safepoint (normal execution)

VM Mutex/Monitor currently owned by a thread: None

heap address: 0x00000006c8c00000, size: 3956 MB, Compressed Oops mode: Zero based, Oop shift amount: 3
Narrow klass base: 0x0000000000000000, Narrow klass shift: 3
Compressed class space size: 1073741824 Address: 0x00000007c0000000

Heap:
 PSYoungGen      total 74240K, used 1280K [0x000000076d980000, 0x0000000772c00000, 0x00000007c0000000)
  eden space 64000K, 2% used [0x000000076d980000,0x000000076dac0010,0x0000000771800000)
  from space 10240K, 0% used [0x0000000772200000,0x0000000772200000,0x0000000772c00000)
  to   space 10240K, 0% used [0x0000000771800000,0x0000000771800000,0x0000000772200000)
 ParOldGen       total 169472K, used 0K [0x00000006c8c00000, 0x00000006d3180000, 0x000000076d980000)
  object space 169472K, 0% used [0x00000006c8c00000,0x00000006c8c00000,0x00000006d3180000)
 Metaspace       used 777K, capacity 4480K, committed 4480K, reserved 1056768K
  class space    used 76K, capacity 384K, committed 384K, reserved 1048576K

Card table byte_map: [0x0000018266870000,0x0000018267030000] byte_map_base: 0x000001826322a000

Marking Bits: (ParMarkBitMap*) 0x0000000060666ff0
 Begin Bits: [0x0000018267560000, 0x000001826b330000)
 End Bits:   [0x000001826b330000, 0x000001826f100000)

Polling page: 0x0000018255c50000

CodeCache: size=245760Kb used=328Kb max_used=328Kb free=245431Kb
 bounds [0x00000182574b0000, 0x0000018257720000, 0x00000182664b0000]
 total_blobs=58 nmethods=0 adapters=38
 compilation: enabled

Compilation events (0 events):
No events

GC Heap History (0 events):
No events

Deoptimization events (0 events):
No events

Classes redefined (0 events):
No events

Internal exceptions (0 events):
No events

Events (10 events):
Event: 0.026 loading class java/lang/Short
Event: 0.026 loading class java/lang/Short done
Event: 0.026 loading class java/lang/Integer
Event: 0.026 loading class java/lang/Integer done
Event: 0.026 loading class java/lang/Long
Event: 0.026 loading class java/lang/Long done
Event: 0.027 loading class java/lang/NullPointerException
Event: 0.027 loading class java/lang/NullPointerException done
Event: 0.027 loading class java/lang/ArithmeticException
Event: 0.027 loading class java/lang/ArithmeticException done


Dynamic libraries:
0x00007ff643810000 - 0x00007ff643857000 	D:\Work\Java\bin\java.exe
0x00007ff993150000 - 0x00007ff993348000 	C:\Windows\SYSTEM32\ntdll.dll
0x00007ff991f80000 - 0x00007ff99203f000 	C:\Windows\System32\KERNEL32.DLL
0x00007ff990c10000 - 0x00007ff990f06000 	C:\Windows\System32\KERNELBASE.dll
0x00007ff992240000 - 0x00007ff9922ef000 	C:\Windows\System32\ADVAPI32.dll
0x00007ff9911b0000 - 0x00007ff99124e000 	C:\Windows\System32\msvcrt.dll
0x00007ff991d80000 - 0x00007ff991e1c000 	C:\Windows\System32\sechost.dll
0x00007ff992f30000 - 0x00007ff993056000 	C:\Windows\System32\RPCRT4.dll
0x00007ff991630000 - 0x00007ff9917cd000 	C:\Windows\System32\USER32.dll
0x00007ff9909c0000 - 0x00007ff9909e2000 	C:\Windows\System32\win32u.dll
0x00007ff992200000 - 0x00007ff99222c000 	C:\Windows\System32\GDI32.dll
0x00007ff991090000 - 0x00007ff9911a5000 	C:\Windows\System32\gdi32full.dll
0x00007ff990f10000 - 0x00007ff990fad000 	C:\Windows\System32\msvcp_win.dll
0x00007ff990830000 - 0x00007ff990930000 	C:\Windows\System32\ucrtbase.dll
0x00007ff97add0000 - 0x00007ff97b06a000 	C:\Windows\WinSxS\amd64_microsoft.windows.common-controls_6595b64144ccf1df_6.0.19041.1110_none_60b5254171f9507e\COMCTL32.dll
0x00007ff991590000 - 0x00007ff9915c0000 	C:\Windows\System32\IMM32.DLL
0x00007ff98a870000 - 0x00007ff98a885000 	D:\Work\Java\jre\bin\vcruntime140.dll
0x00007ff976780000 - 0x00007ff97681b000 	D:\Work\Java\jre\bin\msvcp140.dll
0x000000005fe80000 - 0x00000000606df000 	D:\Work\Java\jre\bin\server\jvm.dll
0x00007ff992230000 - 0x00007ff992238000 	C:\Windows\System32\PSAPI.DLL
0x00007ff989950000 - 0x00007ff98995a000 	C:\Windows\SYSTEM32\VERSION.dll
0x00007ff97ac50000 - 0x00007ff97ac77000 	C:\Windows\SYSTEM32\WINMM.dll
0x00007ff98b100000 - 0x00007ff98b109000 	C:\Windows\SYSTEM32\WSOCK32.dll
0x00007ff9915c0000 - 0x00007ff99162b000 	C:\Windows\System32\WS2_32.dll
0x00007ff98e6f0000 - 0x00007ff98e702000 	C:\Windows\SYSTEM32\kernel.appcore.dll
0x00007ff98b770000 - 0x00007ff98b780000 	D:\Work\Java\jre\bin\verify.dll
0x00007ff98a470000 - 0x00007ff98a49b000 	D:\Work\Java\jre\bin\java.dll
0x00007ff989b70000 - 0x00007ff989ba0000 	D:\Work\Java\jre\bin\instrument.dll
0x00007ff98a450000 - 0x00007ff98a468000 	D:\Work\Java\jre\bin\zip.dll
0x00007ff987ee0000 - 0x00007ff9880c4000 	C:\Windows\SYSTEM32\dbghelp.dll
0x00007ff990930000 - 0x00007ff9909b2000 	C:\Windows\System32\bcryptPrimitives.dll

VM Arguments:
jvm_args: -ea -Didea.test.cyclic.buffer.size=1048576 -javaagent:C:\Program Files\JetBrains\IntelliJ IDEA 2021.2.4\lib\idea_rt.jar=49237:C:\Program Files\JetBrains\IntelliJ IDEA 2021.2.4\bin -Dfile.encoding=UTF-8 
java_command: com.intellij.rt.testng.RemoteTestNGStarter -usedefaultlisteners false -socket49236 @w@C:\Users\Enrique\AppData\Local\Temp\idea_working_dirs_testng.tmp -temp C:\Users\Enrique\AppData\Local\Temp\idea_testng.tmp
java_class_path (initial): C:\Program Files\JetBrains\IntelliJ IDEA 2021.2.4\lib\idea_rt.jar;C:\Program Files\JetBrains\IntelliJ IDEA 2021.2.4\plugins\testng\lib\testng-rt.jar;D:\Work\Java\jre\lib\charsets.jar;D:\Work\Java\jre\lib\deploy.jar;D:\Work\Java\jre\lib\ext\access-bridge-64.jar;D:\Work\Java\jre\lib\ext\cldrdata.jar;D:\Work\Java\jre\lib\ext\dnsns.jar;D:\Work\Java\jre\lib\ext\jaccess.jar;D:\Work\Java\jre\lib\ext\jfxrt.jar;D:\Work\Java\jre\lib\ext\localedata.jar;D:\Work\Java\jre\lib\ext\nashorn.jar;D:\Work\Java\jre\lib\ext\sunec.jar;D:\Work\Java\jre\lib\ext\sunjce_provider.jar;D:\Work\Java\jre\lib\ext\sunmscapi.jar;D:\Work\Java\jre\lib\ext\sunpkcs11.jar;D:\Work\Java\jre\lib\ext\zipfs.jar;D:\Work\Java\jre\lib\javaws.jar;D:\Work\Java\jre\lib\jce.jar;D:\Work\Java\jre\lib\jfr.jar;D:\Work\Java\jre\lib\jfxswt.jar;D:\Work\Java\jre\lib\jsse.jar;D:\Work\Java\jre\lib\management-agent.jar;D:\Work\Java\jre\lib\plugin.jar;D:\Work\Java\jre\lib\resources.jar;D:\Work\Java\jre\lib\rt.jar;D:\Aprendizaje\Appium\Appium_Laboratorios\Appium\target\test-classes;C:\Users\Enrique\.m2\repository\io\appium\java-client\8.1.1\java-client-8.1.1.jar;C:\Users\Enrique\.m2\repository\org\seleniumhq\selenium\selenium-api\4.6.0\selenium-api-4.6.0.jar;C:\Users\Enrique\.m2\repository\org\seleniumhq\selenium\selenium-remote-driver\4.6.0\selenium-remote-driver-4.6.0.jar;C:\Users\Enrique\.m2\repository\com\google\auto\service\auto-service-annotations\1.0.1\auto-service-annotations-1.0.1.jar;C:\Users\Enrique\.m2\repository\com\google\auto\service\auto-service\1.0.1\auto-service-1.0.1.jar;C:\Users\Enrique\.m2\repository\com\google\auto\auto-common\1.2\auto-common-1.2.jar;C:\Users\Enrique\.m2\repository\com\google\guava\guava\31.1-jre\guava-31.1-jre.jar;C:\Users\Enrique\.m2\repository\com\google\guava\failureaccess\1.0.1\failureaccess-1.0.1.jar;C:\Users\Enrique\.m2\repository\com\google\guava\listenablefuture\9999.0-empty-to-avoid-conflict-with-guava\listenablefuture-9999.0-empty-to-avoid-conflict-wit
Launcher Type: SUN_STANDARD

Environment Variables:
JAVA_HOME=D:\Work\Java
PATH=C:\Windows\system32;C:\Windows;C:\Windows\System32\Wbem;C:\Windows\System32\WindowsPowerShell\v1.0\;C:\Windows\System32\OpenSSH\;D:\Work\Java\bin;D:\Work\Maven\bin;C:\Program Files\Git\cmd;C:\Program Files\Microsoft SQL Server\130\Tools\Binn\;C:\Program Files\Microsoft SQL Server\Client SDK\ODBC\170\Tools\Binn\;C:\Program Files (x86)\NVIDIA Corporation\PhysX\Common;D:\Work\axis2-1.6.2\bin;C:\Program Files\dotnet\;C:\Program Files\nodejs\;C:\Program Files\nodejs\node_modules\npm\bin;C:\Users\Enrique\AppData\Local\Android\tools\bin;C:\Users\Enrique\AppData\Local\Android\tools;C:\Users\Enrique\AppData\Local\Android\platform-tools;C:\Program Files\MySQL\MySQL Shell 8.0\bin\;C:\Users\Enrique\AppData\Local\Programs\Python\Python39\Scripts\;C:\Users\Enrique\AppData\Local\Programs\Python\Python39\;C:\Users\Enrique\AppData\Local\Microsoft\WindowsApps;;C:\Users\Enrique\AppData\Local\Programs\Microsoft VS Code\bin;C:\Users\Enrique\.dotnet\tools;C:\Users\Enrique\AppData\Roaming\npm
USERNAME=Enrique
OS=Windows_NT
PROCESSOR_IDENTIFIER=Intel64 Family 6 Model 60 Stepping 3, GenuineIntel



---------------  S Y S T E M  ---------------

OS: Windows 10.0 , 64 bit Build 19041 (10.0.19041.2913)

CPU:total 8 (initial active 8) (4 cores per cpu, 2 threads per core) family 6 model 60 stepping 3, cmov, cx8, fxsr, mmx, sse, sse2, sse3, ssse3, sse4.1, sse4.2, popcnt, avx, avx2, aes, clmul, erms, lzcnt, ht, tsc, tscinvbit, bmi1, bmi2

Memory: 4k page, physical 16198840k(1880464k free), swap 18295992k(4128k free)

vm_info: Java HotSpot(TM) 64-Bit Server VM (25.281-b09) for windows-amd64 JRE (1.8.0_281-b09), built on Dec  9 2020 13:54:07 by "" with MS VC++ 15.9 (VS2017)

time: Thu Jun  8 21:43:13 2023
timezone: Hora est. Pacífico, Sudamérica
elapsed time: 0.047349 seconds (0d 0h 0m 0s)

